#
# There is insufficient memory for the Java Runtime Environment to continue.
# Native memory allocation (mmap) failed to map 132120576 bytes for G1 virtual space
# Possible reasons:
#   The system is out of physical RAM or swap space
#   The process is running with CompressedOops enabled, and the Java Heap may be blocking the growth of the native heap
# Possible solutions:
#   Reduce memory load on the system
#   Increase physical memory or swap space
#   Check if swap backing store is full
#   Decrease Java heap size (-Xmx/-Xms)
#   Decrease number of Java threads
#   Decrease Java thread stack sizes (-Xss)
#   Set larger code cache with -XX:ReservedCodeCacheSize=
#   JVM is running with Unscaled Compressed Oops mode in which the Java heap is
#     placed in the first 4GB address space. The Java Heap base address is the
#     maximum limit for the native heap growth. Please use -XX:HeapBaseMinAddress
#     to set the Java Heap base and to place the Java Heap above 4GB virtual address.
# This output file may be truncated or incomplete.
#
#  Out of Memory Error (os_windows.cpp:3557), pid=10036, tid=23996
#
# JRE version:  (17.0.6+10) (build )
# Java VM: OpenJDK 64-Bit Server VM (17.0.6+10, mixed mode, sharing, tiered, compressed oops, compressed class ptrs, g1 gc, windows-amd64)
# No core dump will be written. Minidumps are not enabled by default on client versions of Windows
#

---------------  S U M M A R Y ------------

Command Line: --add-modules=ALL-DEFAULT jdk.compiler/com.sun.tools.javac.launcher.Main Mergesort.java

Host: Intel(R) Core(TM) i5-8265U CPU @ 1.60GHz, 8 cores, 7G,  Windows 11 , 64 bit Build 22000 (10.0.22000.1880)
Time: Sun May 28 15:39:38 2023 India Standard Time elapsed time: 0.267235 seconds (0d 0h 0m 0s)

---------------  T H R E A D  ---------------

Current thread (0x0000028e656fbf10):  JavaThread "Unknown thread" [_thread_in_vm, id=23996, stack(0x000000d486c00000,0x000000d486d00000)]

Stack: [0x000000d486c00000,0x000000d486d00000]
Native frames: (J=compiled Java code, j=interpreted, Vv=VM code, C=native code)
V  [jvm.dll+0x67741a]
V  [jvm.dll+0x834434]
V  [jvm.dll+0x835bde]
V  [jvm.dll+0x836243]
V  [jvm.dll+0x2457b5]
V  [jvm.dll+0x674329]
V  [jvm.dll+0x6689da]
V  [jvm.dll+0x30489b]
V  [jvm.dll+0x30bd96]
V  [jvm.dll+0x35b57e]
V  [jvm.dll+0x35b7af]
V  [jvm.dll+0x2db778]
V  [jvm.dll+0x2dc6e4]
V  [jvm.dll+0x806131]
V  [jvm.dll+0x369331]
V  [jvm.dll+0x7e56ac]
V  [jvm.dll+0x3eb35f]
V  [jvm.dll+0x3ecea1]
C  [jli.dll+0x5267]
C  [ucrtbase.dll+0x26c0c]
C  [KERNEL32.DLL+0x155a0]
C  [ntdll.dll+0x485b]


---------------  P R O C E S S  ---------------

Threads class SMR info:
_java_thread_list=0x00007ffe02585fd8, length=0, elements={
}

Java Threads: ( => current thread )

Other Threads:
  0x0000028e65757cd0 GCTaskThread "GC Thread#0" [stack: 0x000000d486d00000,0x000000d486e00000] [id=21044]
  0x0000028e65768d50 ConcurrentGCThread "G1 Main Marker" [stack: 0x000000d486e00000,0x000000d486f00000] [id=7844]
  0x0000028e65769760 ConcurrentGCThread "G1 Conc#0" [stack: 0x000000d486f00000,0x000000d487000000] [id=3932]

[error occurred during error reporting (printing all threads), id 0xc0000005, EXCEPTION_ACCESS_VIOLATION (0xc0000005) at pc=0x00007ffe01d5c1e7]

VM state: not at safepoint (not fully initialized)

VM Mutex/Monitor currently owned by a thread:  ([mutex/lock_event])
[0x0000028e656f8220] Heap_lock - owner thread: 0x0000028e656fbf10

Heap address: 0x0000000083e00000, size: 1986 MB, Compressed Oops mode: 32-bit

CDS archive(s) mapped at: [0x0000000000000000-0x0000000000000000-0x0000000000000000), size 0, SharedBaseAddress: 0x0000000800000000, ArchiveRelocationMode: 0.
Narrow klass base: 0x0000000000000000, Narrow klass shift: 0, Narrow klass range: 0x0

GC Precious Log:
<Empty>

Heap:
 garbage-first heap   total 0K, used 0K [0x0000000083e00000, 0x0000000100000000)
  region size 1024K, 0 young (0K), 0 survivors (0K)

[error occurred during error reporting (printing heap information), id 0xc0000005, EXCEPTION_ACCESS_VIOLATION (0xc0000005) at pc=0x00007ffe021406f9]

GC Heap History (0 events):
No events

Dll operation events (1 events):
Event: 0.176 Loaded shared library C:\Users\asus\AppData\Local\Programs\Eclipse Adoptium\jdk-17.0.6.10-hotspot\bin\java.dll

Deoptimization events (0 events):
No events

Classes unloaded (0 events):
No events

Classes redefined (0 events):
No events

Internal exceptions (0 events):
No events

VM Operations (0 events):
No events

Events (0 events):
No events


Dynamic libraries:
0x00007ff77d970000 - 0x00007ff77d97e000 	C:\Users\asus\AppData\Local\Programs\Eclipse Adoptium\jdk-17.0.6.10-hotspot\bin\java.exe
0x00007ffe8b400000 - 0x00007ffe8b609000 	C:\WINDOWS\SYSTEM32\ntdll.dll
0x00007ffe8a580000 - 0x00007ffe8a63e000 	C:\WINDOWS\System32\KERNEL32.DLL
0x00007ffe88dc0000 - 0x00007ffe89144000 	C:\WINDOWS\System32\KERNELBASE.dll
0x00007ffe88ca0000 - 0x00007ffe88db1000 	C:\WINDOWS\System32\ucrtbase.dll
0x00007ffe7ebf0000 - 0x00007ffe7ec07000 	C:\Users\asus\AppData\Local\Programs\Eclipse Adoptium\jdk-17.0.6.10-hotspot\bin\jli.dll
0x00007ffe78390000 - 0x00007ffe783a9000 	C:\Users\asus\AppData\Local\Programs\Eclipse Adoptium\jdk-17.0.6.10-hotspot\bin\VCRUNTIME140.dll
0x00007ffe8b180000 - 0x00007ffe8b32d000 	C:\WINDOWS\System32\USER32.dll
0x00007ffe70110000 - 0x00007ffe703b5000 	C:\WINDOWS\WinSxS\amd64_microsoft.windows.common-controls_6595b64144ccf1df_6.0.22000.120_none_9d947278b86cc467\COMCTL32.dll
0x00007ffe89240000 - 0x00007ffe89266000 	C:\WINDOWS\System32\win32u.dll
0x00007ffe8a540000 - 0x00007ffe8a56a000 	C:\WINDOWS\System32\GDI32.dll
0x00007ffe8ae40000 - 0x00007ffe8aee3000 	C:\WINDOWS\System32\msvcrt.dll
0x00007ffe88ac0000 - 0x00007ffe88bdf000 	C:\WINDOWS\System32\gdi32full.dll
0x00007ffe888b0000 - 0x00007ffe8894d000 	C:\WINDOWS\System32\msvcp_win.dll
0x00007ffe8a7e0000 - 0x00007ffe8a811000 	C:\WINDOWS\System32\IMM32.DLL
0x00007ffe7ece0000 - 0x00007ffe7ecec000 	C:\Users\asus\AppData\Local\Programs\Eclipse Adoptium\jdk-17.0.6.10-hotspot\bin\vcruntime140_1.dll
0x00007ffe4e970000 - 0x00007ffe4ea01000 	C:\Users\asus\AppData\Local\Programs\Eclipse Adoptium\jdk-17.0.6.10-hotspot\bin\msvcp140.dll
0x00007ffe01a70000 - 0x00007ffe026b7000 	C:\Users\asus\AppData\Local\Programs\Eclipse Adoptium\jdk-17.0.6.10-hotspot\bin\server\jvm.dll
0x00007ffe8a2c0000 - 0x00007ffe8a36f000 	C:\WINDOWS\System32\ADVAPI32.dll
0x00007ffe89b80000 - 0x00007ffe89c1e000 	C:\WINDOWS\System32\sechost.dll
0x00007ffe8aef0000 - 0x00007ffe8b011000 	C:\WINDOWS\System32\RPCRT4.dll
0x00007ffe7eb00000 - 0x00007ffe7eb33000 	C:\WINDOWS\SYSTEM32\WINMM.dll
0x00007ffe49440000 - 0x00007ffe49449000 	C:\WINDOWS\SYSTEM32\WSOCK32.dll
0x00007ffe7dca0000 - 0x00007ffe7dcaa000 	C:\WINDOWS\SYSTEM32\VERSION.dll
0x00007ffe8a370000 - 0x00007ffe8a3df000 	C:\WINDOWS\System32\WS2_32.dll
0x00007ffe878f0000 - 0x00007ffe87908000 	C:\WINDOWS\SYSTEM32\kernel.appcore.dll
0x00007ffe78380000 - 0x00007ffe7838a000 	C:\Users\asus\AppData\Local\Programs\Eclipse Adoptium\jdk-17.0.6.10-hotspot\bin\jimage.dll
0x00007ffe86590000 - 0x00007ffe867b1000 	C:\WINDOWS\SYSTEM32\DBGHELP.DLL
0x00007ffe6e930000 - 0x00007ffe6e961000 	C:\WINDOWS\SYSTEM32\dbgcore.DLL
0x00007ffe891c0000 - 0x00007ffe8923f000 	C:\WINDOWS\System32\bcryptPrimitives.dll
0x00007ffe73b10000 - 0x00007ffe73b35000 	C:\Users\asus\AppData\Local\Programs\Eclipse Adoptium\jdk-17.0.6.10-hotspot\bin\java.dll

dbghelp: loaded successfully - version: 4.0.5 - missing functions: none
symbol engine: initialized successfully - sym options: 0x614 - pdb path: .;C:\Users\asus\AppData\Local\Programs\Eclipse Adoptium\jdk-17.0.6.10-hotspot\bin;C:\WINDOWS\SYSTEM32;C:\WINDOWS\WinSxS\amd64_microsoft.windows.common-controls_6595b64144ccf1df_6.0.22000.120_none_9d947278b86cc467;C:\Users\asus\AppData\Local\Programs\Eclipse Adoptium\jdk-17.0.6.10-hotspot\bin\server

VM Arguments:
jvm_args: --add-modules=ALL-DEFAULT 
java_command: jdk.compiler/com.sun.tools.javac.launcher.Main Mergesort.java
java_class_path (initial): .
Launcher Type: SUN_STANDARD

[Global flags]
     intx CICompilerCount                          = 4                                         {product} {ergonomic}
     uint ConcGCThreads                            = 2                                         {product} {ergonomic}
     uint G1ConcRefinementThreads                  = 8                                         {product} {ergonomic}
   size_t G1HeapRegionSize                         = 1048576                                   {product} {ergonomic}
    uintx GCDrainStackTargetSize                   = 64                                        {product} {ergonomic}
   size_t InitialHeapSize                          = 132120576                                 {product} {ergonomic}
   size_t MarkStackSize                            = 4194304                                   {product} {ergonomic}
   size_t MaxHeapSize                              = 2082471936                                {product} {ergonomic}
   size_t MinHeapDeltaBytes                        = 1048576                                   {product} {ergonomic}
   size_t MinHeapSize                              = 8388608                                   {product} {ergonomic}
    uintx NonNMethodCodeHeapSize                   = 5839372                                {pd product} {ergonomic}
    uintx NonProfiledCodeHeapSize                  = 122909434                              {pd product} {ergonomic}
    uintx ProfiledCodeHeapSize                     = 122909434                              {pd product} {ergonomic}
    uintx ReservedCodeCacheSize                    = 251658240                              {pd product} {ergonomic}
     bool SegmentedCodeCache                       = true                                      {product} {ergonomic}
   size_t SoftMaxHeapSize                          = 2082471936                             {manageable} {ergonomic}
     bool UseCompressedClassPointers               = true                           {product lp64_product} {ergonomic}
     bool UseCompressedOops                        = true                           {product lp64_product} {ergonomic}
     bool UseG1GC                                  = true                                      {product} {ergonomic}
     bool UseLargePagesIndividualAllocation        = false                                  {pd product} {ergonomic}

Logging:
Log output configuration:
 #0: stdout all=warning uptime,level,tags
 #1: stderr all=off uptime,level,tags

Environment Variables:
JAVA_HOME=C:\Users\asus\AppData\Local\Programs\Eclipse Adoptium\jdk-17.0.6.10-hotspot\
PATH=C:\Program Files (x86)\Common Files\Oracle\Java\javapath;C:\WINDOWS\system32;C:\WINDOWS;C:\WINDOWS\System32\Wbem;C:\WINDOWS\System32\WindowsPowerShell\v1.0\;C:\WINDOWS\System32\OpenSSH\;C:\Program Files\Common Files\Autodesk Shared\;C:\Program Files\nodejs\;C:\Program Files\Git\cmd;C:\Program Files\PuTTY\;C:\Program Files\MySQL\MySQL Shell 8.0\bin\;C:\Users\asus\AppData\Local\Programs\Eclipse Adoptium\jdk-17.0.6.10-hotspot\bin;C:\Users\asus\anaconda3;C:\Users\asus\anaconda3\Library\mingw-w64\bin;C:\Users\asus\anaconda3\Library\usr\bin;C:\Users\asus\anaconda3\Library\bin;C:\Users\asus\anaconda3\Scripts;C:\Users\asus\AppData\Local\Programs\Python\Python39\Scripts\;C:\Users\asus\AppData\Local\Programs\Python\Python39\;C:\Users\asus\AppData\Local\Microsoft\WindowsApps;C:\Users\asus\AppData\Local\Programs\Microsoft VS Code\bin;C:\Program Files (x86)\mingw-w64\i686-8.1.0-posix-dwarf-rt_v6-rev0\mingw32\bin;C:\Program Files\JetBrains\PyCharm Community Edition 2021.3.2\bin;;C:\Program Files\MySQL\MySQL Server 8.0\bin;C:\Users\asus\AppData\Roaming\npm
USERNAME=asus
LANG=en_US.UTF-8
OS=Windows_NT
PROCESSOR_IDENTIFIER=Intel64 Family 6 Model 142 Stepping 12, GenuineIntel
TMP=C:\Users\asus\AppData\Local\Temp
TEMP=C:\Users\asus\AppData\Local\Temp



---------------  S Y S T E M  ---------------

OS:
 Windows 11 , 64 bit Build 22000 (10.0.22000.1880)
OS uptime: 5 days 17:43 hours
Hyper-V role detected

CPU: total 8 (initial active 8) (4 cores per cpu, 2 threads per core) family 6 model 142 stepping 12 microcode 0xde, cx8, cmov, fxsr, ht, mmx, 3dnowpref, sse, sse2, sse3, ssse3, sse4.1, sse4.2, popcnt, lzcnt, tsc, tscinvbit, avx, avx2, aes, erms, clmul, bmi1, bmi2, adx, fma, vzeroupper, clflush, clflushopt, hv

Memory: 4k page, system-wide physical 7938M (12M free)
TotalPageFile size 32488M (AvailPageFile size 48M)
current process WorkingSet (physical memory assigned to process): 9M, peak: 9M
current process commit charge ("private bytes"): 60M, peak: 186M

vm_info: OpenJDK 64-Bit Server VM (17.0.6+10) for windows-amd64 JRE (17.0.6+10), built on Jan 18 2023 10:08:59 by "temurin" with MS VC++ 16.7 (VS2019)

END.
